2017-01-24 02:34:24,731 - INFO - 3691:Dummy-5 - zato_admin:22 - cid:[K07YCPP89PSXH76M3P9AR8J11APE], name:[zato.server.ensure-cluster-wide-singleton], SIO request:[{}]
2017-01-24 02:34:24,748 - INFO - 3691:Dummy-5 - zato_admin:22 - cid:[K07YCPP89PSXH76M3P9AR8J11APE], name:[zato.server.ensure-cluster-wide-singleton], response:[]
2017-01-24 02:34:41,454 - INFO - 3691:Dummy-6 - zato_admin:22 - cid:[K065EPG6YCAJQ39H4DC1EQQ29VSK], name:[zato.server.cluster-wide-singleton-keep-alive], SIO request:[{}]
2017-01-24 02:34:41,476 - INFO - 3691:Dummy-6 - zato_admin:22 - cid:[K065EPG6YCAJQ39H4DC1EQQ29VSK], name:[zato.server.cluster-wide-singleton-keep-alive], response:[]
2017-01-24 02:34:54,732 - INFO - 3692:Dummy-3 - zato_admin:22 - cid:[K07P51G6VX8C9DKD31F8RPDEVXN9], name:[zato.server.ensure-cluster-wide-singleton], SIO request:[{}]
2017-01-24 02:34:54,732 - INFO - 3692:Dummy-3 - zato_admin:22 - cid:[K07P51G6VX8C9DKD31F8RPDEVXN9], name:[zato.server.ensure-cluster-wide-singleton], response:[]
2017-01-24 02:34:54,737 - INFO - 3691:Dummy-8 - zato_admin:22 - cid:[K07P51G6VX8C9DKD31F8RPDEVXN9], name:[zato.server.ensure-cluster-wide-singleton], SIO request:[{}]
2017-01-24 02:34:54,768 - INFO - 3691:Dummy-8 - zato_admin:22 - cid:[K07P51G6VX8C9DKD31F8RPDEVXN9], name:[zato.server.ensure-cluster-wide-singleton], response:[]
2017-01-24 02:35:11,384 - INFO - 3691:Dummy-9 - zato_admin:22 - cid:[K07AV43ARBBSA12FA18TPNJT11S1], name:[zato.server.cluster-wide-singleton-keep-alive], SIO request:[{}]
2017-01-24 02:35:11,407 - INFO - 3691:Dummy-9 - zato_admin:22 - cid:[K07AV43ARBBSA12FA18TPNJT11S1], name:[zato.server.cluster-wide-singleton-keep-alive], response:[]
2017-01-24 02:35:24,733 - INFO - 3692:Dummy-4 - zato_admin:22 - cid:[K050QV8567ACJ5DPZY8TCB8S6KZX], name:[zato.server.ensure-cluster-wide-singleton], SIO request:[{}]
2017-01-24 02:35:24,734 - INFO - 3692:Dummy-4 - zato_admin:22 - cid:[K050QV8567ACJ5DPZY8TCB8S6KZX], name:[zato.server.ensure-cluster-wide-singleton], response:[]
2017-01-24 02:35:24,735 - INFO - 3691:Dummy-11 - zato_admin:22 - cid:[K050QV8567ACJ5DPZY8TCB8S6KZX], name:[zato.server.ensure-cluster-wide-singleton], SIO request:[{}]
2017-01-24 02:35:24,752 - INFO - 3691:Dummy-11 - zato_admin:22 - cid:[K050QV8567ACJ5DPZY8TCB8S6KZX], name:[zato.server.ensure-cluster-wide-singleton], response:[]
2017-01-24 02:35:41,393 - INFO - 3691:Dummy-12 - zato_admin:22 - cid:[K04PA22NS2K0M7FAG9076996JEFB], name:[zato.server.cluster-wide-singleton-keep-alive], SIO request:[{}]
2017-01-24 02:35:41,415 - INFO - 3691:Dummy-12 - zato_admin:22 - cid:[K04PA22NS2K0M7FAG9076996JEFB], name:[zato.server.cluster-wide-singleton-keep-alive], response:[]
2017-01-24 02:35:54,480 - INFO - 3692:Dummy-5 - zato_admin:22 - cid:[K075RNFMG742R4VMTQ4B2H3PR397], name:[zato.stats.aggregate-by-minute], SIO request:[{}]
2017-01-24 02:35:54,481 - INFO - 3692:Dummy-5 - zato_admin:22 - cid:[K075RNFMG742R4VMTQ4B2H3PR397], name:[zato.stats.aggregate-by-minute], response:[]
2017-01-24 02:35:54,732 - INFO - 3691:Dummy-14 - zato_admin:22 - cid:[K043X1HRR2N09HTY5SJXXHKF1NQ2], name:[zato.server.ensure-cluster-wide-singleton], SIO request:[{}]
2017-01-24 02:35:54,737 - INFO - 3692:Dummy-6 - zato_admin:22 - cid:[K043X1HRR2N09HTY5SJXXHKF1NQ2], name:[zato.server.ensure-cluster-wide-singleton], SIO request:[{}]
2017-01-24 02:35:54,737 - INFO - 3692:Dummy-6 - zato_admin:22 - cid:[K043X1HRR2N09HTY5SJXXHKF1NQ2], name:[zato.server.ensure-cluster-wide-singleton], response:[]
2017-01-24 02:35:54,748 - INFO - 3691:Dummy-14 - zato_admin:22 - cid:[K043X1HRR2N09HTY5SJXXHKF1NQ2], name:[zato.server.ensure-cluster-wide-singleton], response:[]
2017-01-24 02:36:11,383 - INFO - 3691:Dummy-15 - zato_admin:22 - cid:[K059CG5M9KN4CWN69KNDNZ39BEF5], name:[zato.server.cluster-wide-singleton-keep-alive], SIO request:[{}]
2017-01-24 02:36:11,404 - INFO - 3691:Dummy-15 - zato_admin:22 - cid:[K059CG5M9KN4CWN69KNDNZ39BEF5], name:[zato.server.cluster-wide-singleton-keep-alive], response:[]
2017-01-24 02:36:24,734 - INFO - 3692:Dummy-7 - zato_admin:22 - cid:[K07KCE4XPG3MF2DCSFZX59FMFHDK], name:[zato.server.ensure-cluster-wide-singleton], SIO request:[{}]
2017-01-24 02:36:24,735 - INFO - 3692:Dummy-7 - zato_admin:22 - cid:[K07KCE4XPG3MF2DCSFZX59FMFHDK], name:[zato.server.ensure-cluster-wide-singleton], response:[]
2017-01-24 02:36:24,736 - INFO - 3691:Dummy-17 - zato_admin:22 - cid:[K07KCE4XPG3MF2DCSFZX59FMFHDK], name:[zato.server.ensure-cluster-wide-singleton], SIO request:[{}]
2017-01-24 02:36:24,750 - INFO - 3691:Dummy-17 - zato_admin:22 - cid:[K07KCE4XPG3MF2DCSFZX59FMFHDK], name:[zato.server.ensure-cluster-wide-singleton], response:[]
2017-01-24 02:36:54,483 - INFO - 3691:Dummy-18 - zato_admin:22 - cid:[K06S5F7BJH8PW7ADWEJZC0ADP3ZJ], name:[zato.stats.aggregate-by-minute], SIO request:[{}]
2017-01-24 02:36:54,493 - INFO - 3691:Dummy-18 - zato_admin:22 - cid:[K06S5F7BJH8PW7ADWEJZC0ADP3ZJ], name:[zato.stats.aggregate-by-minute], response:[]
2017-01-24 02:36:54,737 - INFO - 3692:Dummy-8 - zato_admin:22 - cid:[K052YV1C7M4GW69TYKS09J52TTP4], name:[zato.server.ensure-cluster-wide-singleton], SIO request:[{}]
2017-01-24 02:36:54,737 - INFO - 3692:Dummy-8 - zato_admin:22 - cid:[K052YV1C7M4GW69TYKS09J52TTP4], name:[zato.server.ensure-cluster-wide-singleton], response:[]
2017-01-24 02:36:54,740 - INFO - 3691:Dummy-20 - zato_admin:22 - cid:[K052YV1C7M4GW69TYKS09J52TTP4], name:[zato.server.ensure-cluster-wide-singleton], SIO request:[{}]
2017-01-24 02:36:54,752 - INFO - 3691:Dummy-20 - zato_admin:22 - cid:[K052YV1C7M4GW69TYKS09J52TTP4], name:[zato.server.ensure-cluster-wide-singleton], response:[]
2017-01-24 02:37:11,463 - INFO - 3692:Dummy-9 - zato_admin:22 - cid:[K07BA0SSD83832P9Q6HF30E6KYT6], name:[zato.server.cluster-wide-singleton-keep-alive], SIO request:[{}]
2017-01-24 02:37:11,484 - INFO - 3692:Dummy-9 - zato_admin:22 - cid:[K07BA0SSD83832P9Q6HF30E6KYT6], name:[zato.server.cluster-wide-singleton-keep-alive], response:[]
2017-01-24 02:37:24,753 - INFO - 3691:Dummy-22 - zato_admin:22 - cid:[K0510BR9650G21T4AS912JSFM6AE], name:[zato.server.ensure-cluster-wide-singleton], SIO request:[{}]
2017-01-24 02:37:24,769 - INFO - 3691:Dummy-22 - zato_admin:22 - cid:[K0510BR9650G21T4AS912JSFM6AE], name:[zato.server.ensure-cluster-wide-singleton], response:[]
2017-01-24 02:37:24,769 - INFO - 3692:Dummy-10 - zato_admin:22 - cid:[K0510BR9650G21T4AS912JSFM6AE], name:[zato.server.ensure-cluster-wide-singleton], SIO request:[{}]
2017-01-24 02:37:24,770 - INFO - 3692:Dummy-10 - zato_admin:22 - cid:[K0510BR9650G21T4AS912JSFM6AE], name:[zato.server.ensure-cluster-wide-singleton], response:[]
2017-01-24 02:37:41,389 - INFO - 3692:Dummy-11 - zato_admin:22 - cid:[K06EBJDRDV7E0F929A8PF1EDFWG7], name:[zato.server.cluster-wide-singleton-keep-alive], SIO request:[{}]
2017-01-24 02:37:41,414 - INFO - 3692:Dummy-11 - zato_admin:22 - cid:[K06EBJDRDV7E0F929A8PF1EDFWG7], name:[zato.server.cluster-wide-singleton-keep-alive], response:[]
2017-01-24 02:37:54,483 - INFO - 3691:Dummy-23 - zato_admin:22 - cid:[K06HDX20WPRZFMEZRW0FQKHGC3YR], name:[zato.stats.aggregate-by-minute], SIO request:[{}]
2017-01-24 02:37:54,492 - INFO - 3691:Dummy-23 - zato_admin:22 - cid:[K06HDX20WPRZFMEZRW0FQKHGC3YR], name:[zato.stats.aggregate-by-minute], response:[]
2017-01-24 02:37:54,746 - INFO - 3691:Dummy-25 - zato_admin:22 - cid:[K04RER247MNRZBM7J1DVGAE400KQ], name:[zato.server.ensure-cluster-wide-singleton], SIO request:[{}]
2017-01-24 02:37:54,743 - INFO - 3692:Dummy-12 - zato_admin:22 - cid:[K04RER247MNRZBM7J1DVGAE400KQ], name:[zato.server.ensure-cluster-wide-singleton], SIO request:[{}]
2017-01-24 02:37:54,751 - INFO - 3692:Dummy-12 - zato_admin:22 - cid:[K04RER247MNRZBM7J1DVGAE400KQ], name:[zato.server.ensure-cluster-wide-singleton], response:[]
2017-01-24 02:37:54,759 - INFO - 3691:Dummy-25 - zato_admin:22 - cid:[K04RER247MNRZBM7J1DVGAE400KQ], name:[zato.server.ensure-cluster-wide-singleton], response:[]
2017-01-24 02:38:11,392 - INFO - 3691:Dummy-26 - zato_admin:22 - cid:[K05Y4H49S1G0ZYGC1SXPYWCWQV94], name:[zato.server.cluster-wide-singleton-keep-alive], SIO request:[{}]
2017-01-24 02:38:11,415 - INFO - 3691:Dummy-26 - zato_admin:22 - cid:[K05Y4H49S1G0ZYGC1SXPYWCWQV94], name:[zato.server.cluster-wide-singleton-keep-alive], response:[]
2017-01-24 02:38:11,468 - INFO - 3692:Dummy-13 - zato_admin:22 - cid:[K07BP44DW0S13SBFKAP7Z069ZKB3], name:[zato.server.cluster-wide-singleton-keep-alive], SIO request:[{}]
2017-01-24 02:38:11,488 - INFO - 3692:Dummy-13 - zato_admin:22 - cid:[K07BP44DW0S13SBFKAP7Z069ZKB3], name:[zato.server.cluster-wide-singleton-keep-alive], response:[]
2017-01-24 02:38:24,531 - INFO - 3691:Dummy-27 - zato_admin:22 - cid:[K0773NR4MZ4T4P4Z4NAQS6B51F5V], name:[zato.stats.process-raw-times], SIO request:[{}]
2017-01-24 02:38:24,540 - INFO - 3691:Dummy-27 - zato_admin:22 - cid:[K0773NR4MZ4T4P4Z4NAQS6B51F5V], name:[zato.stats.process-raw-times], response:[]
2017-01-24 02:38:24,744 - INFO - 3691:Dummy-29 - zato_admin:22 - cid:[K066DD5RFNVBMVRGX12FFZXWJ9AN], name:[zato.server.ensure-cluster-wide-singleton], SIO request:[{}]
2017-01-24 02:38:24,744 - INFO - 3692:Dummy-14 - zato_admin:22 - cid:[K066DD5RFNVBMVRGX12FFZXWJ9AN], name:[zato.server.ensure-cluster-wide-singleton], SIO request:[{}]
2017-01-24 02:38:24,744 - INFO - 3692:Dummy-14 - zato_admin:22 - cid:[K066DD5RFNVBMVRGX12FFZXWJ9AN], name:[zato.server.ensure-cluster-wide-singleton], response:[]
2017-01-24 02:38:24,757 - INFO - 3691:Dummy-29 - zato_admin:22 - cid:[K066DD5RFNVBMVRGX12FFZXWJ9AN], name:[zato.server.ensure-cluster-wide-singleton], response:[]
2017-01-24 02:38:41,397 - INFO - 3691:Dummy-30 - zato_admin:22 - cid:[K06ZXXEDTATEZJMHH6PD3CG8MR59], name:[zato.server.cluster-wide-singleton-keep-alive], SIO request:[{}]
2017-01-24 02:38:41,438 - INFO - 3691:Dummy-30 - zato_admin:22 - cid:[K06ZXXEDTATEZJMHH6PD3CG8MR59], name:[zato.server.cluster-wide-singleton-keep-alive], response:[]
2017-01-24 02:38:41,469 - INFO - 3692:Dummy-15 - zato_admin:22 - cid:[K0548KRMHMKTCFG4GR0JP5PWJND5], name:[zato.server.cluster-wide-singleton-keep-alive], SIO request:[{}]
2017-01-24 02:38:41,490 - INFO - 3692:Dummy-15 - zato_admin:22 - cid:[K0548KRMHMKTCFG4GR0JP5PWJND5], name:[zato.server.cluster-wide-singleton-keep-alive], response:[]
2017-01-24 02:38:54,747 - INFO - 3691:Dummy-32 - zato_admin:22 - cid:[K06QRD7EXNMNPJ044J3VJCX442D9], name:[zato.server.ensure-cluster-wide-singleton], SIO request:[{}]
2017-01-24 02:38:54,754 - INFO - 3692:Dummy-16 - zato_admin:22 - cid:[K06QRD7EXNMNPJ044J3VJCX442D9], name:[zato.server.ensure-cluster-wide-singleton], SIO request:[{}]
2017-01-24 02:38:54,754 - INFO - 3692:Dummy-16 - zato_admin:22 - cid:[K06QRD7EXNMNPJ044J3VJCX442D9], name:[zato.server.ensure-cluster-wide-singleton], response:[]
2017-01-24 02:38:54,765 - INFO - 3691:Dummy-32 - zato_admin:22 - cid:[K06QRD7EXNMNPJ044J3VJCX442D9], name:[zato.server.ensure-cluster-wide-singleton], response:[]
2017-01-24 02:39:11,477 - INFO - 3691:Dummy-33 - zato_admin:22 - cid:[K04MECA0S207367YPHAPSMXRBVK7], name:[zato.server.cluster-wide-singleton-keep-alive], SIO request:[{}]
2017-01-24 02:39:11,504 - INFO - 3691:Dummy-33 - zato_admin:22 - cid:[K04MECA0S207367YPHAPSMXRBVK7], name:[zato.server.cluster-wide-singleton-keep-alive], response:[]
2017-01-24 02:39:24,752 - INFO - 3691:Dummy-35 - zato_admin:22 - cid:[K049X8JP1Q9K71XWRD4VKZHE705E], name:[zato.server.ensure-cluster-wide-singleton], SIO request:[{}]
2017-01-24 02:39:24,754 - INFO - 3692:Dummy-17 - zato_admin:22 - cid:[K049X8JP1Q9K71XWRD4VKZHE705E], name:[zato.server.ensure-cluster-wide-singleton], SIO request:[{}]
2017-01-24 02:39:24,754 - INFO - 3692:Dummy-17 - zato_admin:22 - cid:[K049X8JP1Q9K71XWRD4VKZHE705E], name:[zato.server.ensure-cluster-wide-singleton], response:[]
2017-01-24 02:39:24,802 - INFO - 3691:Dummy-35 - zato_admin:22 - cid:[K049X8JP1Q9K71XWRD4VKZHE705E], name:[zato.server.ensure-cluster-wide-singleton], response:[]
2017-01-24 02:39:41,396 - INFO - 3692:Dummy-18 - zato_admin:22 - cid:[K06GDGYDMDYKHT493SC2V24YDJC9], name:[zato.server.cluster-wide-singleton-keep-alive], SIO request:[{}]
2017-01-24 02:39:41,430 - INFO - 3692:Dummy-18 - zato_admin:22 - cid:[K06GDGYDMDYKHT493SC2V24YDJC9], name:[zato.server.cluster-wide-singleton-keep-alive], response:[]
2017-01-24 02:39:41,478 - INFO - 3692:Dummy-19 - zato_admin:22 - cid:[K04A1TDKTXBY989K4NCTH8GKP35K], name:[zato.server.cluster-wide-singleton-keep-alive], SIO request:[{}]
2017-01-24 02:39:41,499 - INFO - 3692:Dummy-19 - zato_admin:22 - cid:[K04A1TDKTXBY989K4NCTH8GKP35K], name:[zato.server.cluster-wide-singleton-keep-alive], response:[]
2017-01-24 02:39:54,532 - INFO - 3692:Dummy-20 - zato_admin:22 - cid:[K04SYK7H57JN5BX5Q2YH9ZNVRJDA], name:[zato.stats.process-raw-times], SIO request:[{}]
2017-01-24 02:39:54,543 - INFO - 3692:Dummy-20 - zato_admin:22 - cid:[K04SYK7H57JN5BX5Q2YH9ZNVRJDA], name:[zato.stats.process-raw-times], response:[]
2017-01-24 02:39:54,749 - INFO - 3691:Dummy-37 - zato_admin:22 - cid:[K045Z4E82WCG7VG6GC002KCV0EWM], name:[zato.server.ensure-cluster-wide-singleton], SIO request:[{}]
2017-01-24 02:39:54,751 - INFO - 3692:Dummy-21 - zato_admin:22 - cid:[K045Z4E82WCG7VG6GC002KCV0EWM], name:[zato.server.ensure-cluster-wide-singleton], SIO request:[{}]
2017-01-24 02:39:54,751 - INFO - 3692:Dummy-21 - zato_admin:22 - cid:[K045Z4E82WCG7VG6GC002KCV0EWM], name:[zato.server.ensure-cluster-wide-singleton], response:[]
2017-01-24 02:39:54,763 - INFO - 3691:Dummy-37 - zato_admin:22 - cid:[K045Z4E82WCG7VG6GC002KCV0EWM], name:[zato.server.ensure-cluster-wide-singleton], response:[]
2017-01-24 02:40:11,479 - INFO - 3691:Dummy-38 - zato_admin:22 - cid:[K078HF02DX2CGAE4BE29TW9NEV0H], name:[zato.server.cluster-wide-singleton-keep-alive], SIO request:[{}]
2017-01-24 02:40:11,500 - INFO - 3691:Dummy-38 - zato_admin:22 - cid:[K078HF02DX2CGAE4BE29TW9NEV0H], name:[zato.server.cluster-wide-singleton-keep-alive], response:[]
2017-01-24 02:40:24,751 - INFO - 3691:Dummy-40 - zato_admin:22 - cid:[K04Y7FPFJP6G6ZYBFVHEGBJ9176H], name:[zato.server.ensure-cluster-wide-singleton], SIO request:[{}]
2017-01-24 02:40:24,751 - INFO - 3692:Dummy-22 - zato_admin:22 - cid:[K04Y7FPFJP6G6ZYBFVHEGBJ9176H], name:[zato.server.ensure-cluster-wide-singleton], SIO request:[{}]
2017-01-24 02:40:24,751 - INFO - 3692:Dummy-22 - zato_admin:22 - cid:[K04Y7FPFJP6G6ZYBFVHEGBJ9176H], name:[zato.server.ensure-cluster-wide-singleton], response:[]
2017-01-24 02:40:24,767 - INFO - 3691:Dummy-40 - zato_admin:22 - cid:[K04Y7FPFJP6G6ZYBFVHEGBJ9176H], name:[zato.server.ensure-cluster-wide-singleton], response:[]
2017-01-24 02:40:54,755 - INFO - 3692:Dummy-23 - zato_admin:22 - cid:[K04XYNA66W6TWFV0X3AXJ32GHVF9], name:[zato.server.ensure-cluster-wide-singleton], SIO request:[{}]
2017-01-24 02:40:54,755 - INFO - 3692:Dummy-23 - zato_admin:22 - cid:[K04XYNA66W6TWFV0X3AXJ32GHVF9], name:[zato.server.ensure-cluster-wide-singleton], response:[]
2017-01-24 02:40:54,755 - INFO - 3691:Dummy-42 - zato_admin:22 - cid:[K04XYNA66W6TWFV0X3AXJ32GHVF9], name:[zato.server.ensure-cluster-wide-singleton], SIO request:[{}]
2017-01-24 02:40:54,769 - INFO - 3691:Dummy-42 - zato_admin:22 - cid:[K04XYNA66W6TWFV0X3AXJ32GHVF9], name:[zato.server.ensure-cluster-wide-singleton], response:[]
2017-01-24 02:41:11,483 - INFO - 3691:Dummy-43 - zato_admin:22 - cid:[K075KS1Y5QV1AV3S0EDQNS6S3Z07], name:[zato.server.cluster-wide-singleton-keep-alive], SIO request:[{}]
2017-01-24 02:41:11,504 - INFO - 3691:Dummy-43 - zato_admin:22 - cid:[K075KS1Y5QV1AV3S0EDQNS6S3Z07], name:[zato.server.cluster-wide-singleton-keep-alive], response:[]
2017-01-24 02:41:24,752 - INFO - 3691:Dummy-45 - zato_admin:22 - cid:[K06HWH0G5RDPWC3B5XS1GTVZYA6N], name:[zato.server.ensure-cluster-wide-singleton], SIO request:[{}]
2017-01-24 02:41:24,754 - INFO - 3692:Dummy-24 - zato_admin:22 - cid:[K06HWH0G5RDPWC3B5XS1GTVZYA6N], name:[zato.server.ensure-cluster-wide-singleton], SIO request:[{}]
2017-01-24 02:41:24,755 - INFO - 3692:Dummy-24 - zato_admin:22 - cid:[K06HWH0G5RDPWC3B5XS1GTVZYA6N], name:[zato.server.ensure-cluster-wide-singleton], response:[]
2017-01-24 02:41:24,806 - INFO - 3691:Dummy-45 - zato_admin:22 - cid:[K06HWH0G5RDPWC3B5XS1GTVZYA6N], name:[zato.server.ensure-cluster-wide-singleton], response:[]
2017-01-24 02:41:41,404 - INFO - 3691:Dummy-46 - zato_admin:22 - cid:[K04JYD287E9JTWDT3DJJEECQQGZR], name:[zato.server.cluster-wide-singleton-keep-alive], SIO request:[{}]
2017-01-24 02:41:41,427 - INFO - 3691:Dummy-46 - zato_admin:22 - cid:[K04JYD287E9JTWDT3DJJEECQQGZR], name:[zato.server.cluster-wide-singleton-keep-alive], response:[]
2017-01-24 02:41:54,753 - INFO - 3692:Dummy-25 - zato_admin:22 - cid:[K07BASB6FKR16308PZ2YYCDEAVNX], name:[zato.server.ensure-cluster-wide-singleton], SIO request:[{}]
2017-01-24 02:41:54,753 - INFO - 3692:Dummy-25 - zato_admin:22 - cid:[K07BASB6FKR16308PZ2YYCDEAVNX], name:[zato.server.ensure-cluster-wide-singleton], response:[]
2017-01-24 02:41:54,759 - INFO - 3691:Dummy-48 - zato_admin:22 - cid:[K07BASB6FKR16308PZ2YYCDEAVNX], name:[zato.server.ensure-cluster-wide-singleton], SIO request:[{}]
2017-01-24 02:41:54,771 - INFO - 3691:Dummy-48 - zato_admin:22 - cid:[K07BASB6FKR16308PZ2YYCDEAVNX], name:[zato.server.ensure-cluster-wide-singleton], response:[]
2017-01-24 02:42:24,755 - INFO - 3691:Dummy-50 - zato_admin:22 - cid:[K07434KGMJSVD0VBKNT7BATC1YRR], name:[zato.server.ensure-cluster-wide-singleton], SIO request:[{}]
2017-01-24 02:42:24,757 - INFO - 3692:Dummy-26 - zato_admin:22 - cid:[K07434KGMJSVD0VBKNT7BATC1YRR], name:[zato.server.ensure-cluster-wide-singleton], SIO request:[{}]
2017-01-24 02:42:24,757 - INFO - 3692:Dummy-26 - zato_admin:22 - cid:[K07434KGMJSVD0VBKNT7BATC1YRR], name:[zato.server.ensure-cluster-wide-singleton], response:[]
2017-01-24 02:42:24,775 - INFO - 3691:Dummy-50 - zato_admin:22 - cid:[K07434KGMJSVD0VBKNT7BATC1YRR], name:[zato.server.ensure-cluster-wide-singleton], response:[]
2017-01-24 02:42:41,409 - INFO - 3691:Dummy-51 - zato_admin:22 - cid:[K063BJ2YYBTY20HSASXCW9VW3EJK], name:[zato.server.cluster-wide-singleton-keep-alive], SIO request:[{}]
2017-01-24 02:42:41,465 - INFO - 3691:Dummy-51 - zato_admin:22 - cid:[K063BJ2YYBTY20HSASXCW9VW3EJK], name:[zato.server.cluster-wide-singleton-keep-alive], response:[]
2017-01-24 02:42:54,493 - INFO - 3692:Dummy-27 - zato_admin:22 - cid:[K06B63YK09412YCDRPCHX9KK77YH], name:[zato.stats.aggregate-by-minute], SIO request:[{}]
2017-01-24 02:42:54,506 - INFO - 3692:Dummy-27 - zato_admin:22 - cid:[K06B63YK09412YCDRPCHX9KK77YH], name:[zato.stats.aggregate-by-minute], response:[]
2017-01-24 02:42:54,756 - INFO - 3691:Dummy-53 - zato_admin:22 - cid:[K07GEE9P8X1F97K6BD39BKNWHSES], name:[zato.server.ensure-cluster-wide-singleton], SIO request:[{}]
2017-01-24 02:42:54,758 - INFO - 3692:Dummy-28 - zato_admin:22 - cid:[K07GEE9P8X1F97K6BD39BKNWHSES], name:[zato.server.ensure-cluster-wide-singleton], SIO request:[{}]
2017-01-24 02:42:54,758 - INFO - 3692:Dummy-28 - zato_admin:22 - cid:[K07GEE9P8X1F97K6BD39BKNWHSES], name:[zato.server.ensure-cluster-wide-singleton], response:[]
2017-01-24 02:42:54,772 - INFO - 3691:Dummy-53 - zato_admin:22 - cid:[K07GEE9P8X1F97K6BD39BKNWHSES], name:[zato.server.ensure-cluster-wide-singleton], response:[]
2017-01-24 02:43:11,485 - INFO - 3692:Dummy-29 - zato_admin:22 - cid:[K04XB1R5VPT4EQPEBPGTNDK6QY5X], name:[zato.server.cluster-wide-singleton-keep-alive], SIO request:[{}]
2017-01-24 02:43:11,506 - INFO - 3692:Dummy-29 - zato_admin:22 - cid:[K04XB1R5VPT4EQPEBPGTNDK6QY5X], name:[zato.server.cluster-wide-singleton-keep-alive], response:[]
2017-01-24 02:43:24,761 - INFO - 3692:Dummy-30 - zato_admin:22 - cid:[K07JH02K61DVKJX57WY66J0GMEA1], name:[zato.server.ensure-cluster-wide-singleton], SIO request:[{}]
2017-01-24 02:43:24,762 - INFO - 3692:Dummy-30 - zato_admin:22 - cid:[K07JH02K61DVKJX57WY66J0GMEA1], name:[zato.server.ensure-cluster-wide-singleton], response:[]
2017-01-24 02:43:24,765 - INFO - 3691:Dummy-55 - zato_admin:22 - cid:[K07JH02K61DVKJX57WY66J0GMEA1], name:[zato.server.ensure-cluster-wide-singleton], SIO request:[{}]
2017-01-24 02:43:24,778 - INFO - 3691:Dummy-55 - zato_admin:22 - cid:[K07JH02K61DVKJX57WY66J0GMEA1], name:[zato.server.ensure-cluster-wide-singleton], response:[]
2017-01-24 02:43:41,410 - INFO - 3691:Dummy-56 - zato_admin:22 - cid:[K04SZ4PBT443TGD3QHYT0CQ1BHRM], name:[zato.server.cluster-wide-singleton-keep-alive], SIO request:[{}]
2017-01-24 02:43:41,431 - INFO - 3691:Dummy-56 - zato_admin:22 - cid:[K04SZ4PBT443TGD3QHYT0CQ1BHRM], name:[zato.server.cluster-wide-singleton-keep-alive], response:[]
2017-01-24 02:43:54,255 - INFO - 3691:Dummy-57 - zato_admin:22 - cid:[K04R03PKKND875P0R8TZPSJRG9HW], name:[zato.stats.summary.create-summary-by-week], SIO request:[{}]
2017-01-24 02:43:54,308 - INFO - 3691:Dummy-57 - zato_admin:22 - cid:[K04R03PKKND875P0R8TZPSJRG9HW], name:[zato.stats.summary.create-summary-by-week], response:[]
2017-01-24 02:43:54,309 - INFO - 3692:Dummy-31 - zato_admin:22 - cid:[K058W0DKFTK87SQ1AMGJ98AMRC9C], name:[zato.stats.aggregate-by-hour], SIO request:[{}]
2017-01-24 02:43:54,310 - INFO - 3692:Dummy-31 - zato_admin:22 - cid:[K058W0DKFTK87SQ1AMGJ98AMRC9C], name:[zato.stats.aggregate-by-hour], response:[]
2017-01-24 02:43:54,494 - INFO - 3692:Dummy-32 - zato_admin:22 - cid:[K04YK0Q2Y20ZP0FNJ77TH0QKTGD9], name:[zato.stats.aggregate-by-minute], SIO request:[{}]
2017-01-24 02:43:54,509 - INFO - 3692:Dummy-32 - zato_admin:22 - cid:[K04YK0Q2Y20ZP0FNJ77TH0QKTGD9], name:[zato.stats.aggregate-by-minute], response:[]
2017-01-24 02:43:54,760 - INFO - 3692:Dummy-33 - zato_admin:22 - cid:[K078B0DBDMPXN0TXHWN61WH1Z85J], name:[zato.server.ensure-cluster-wide-singleton], SIO request:[{}]
2017-01-24 02:43:54,760 - INFO - 3692:Dummy-33 - zato_admin:22 - cid:[K078B0DBDMPXN0TXHWN61WH1Z85J], name:[zato.server.ensure-cluster-wide-singleton], response:[]
2017-01-24 02:43:54,761 - INFO - 3691:Dummy-59 - zato_admin:22 - cid:[K078B0DBDMPXN0TXHWN61WH1Z85J], name:[zato.server.ensure-cluster-wide-singleton], SIO request:[{}]
2017-01-24 02:43:54,778 - INFO - 3691:Dummy-59 - zato_admin:22 - cid:[K078B0DBDMPXN0TXHWN61WH1Z85J], name:[zato.server.ensure-cluster-wide-singleton], response:[]
2017-01-24 02:44:11,490 - INFO - 3691:Dummy-60 - zato_admin:22 - cid:[K06JYD27CZ1E601JBKQS9AQ33KSH], name:[zato.server.cluster-wide-singleton-keep-alive], SIO request:[{}]
2017-01-24 02:44:11,512 - INFO - 3691:Dummy-60 - zato_admin:22 - cid:[K06JYD27CZ1E601JBKQS9AQ33KSH], name:[zato.server.cluster-wide-singleton-keep-alive], response:[]
2017-01-24 02:44:24,538 - INFO - 3692:Dummy-34 - zato_admin:22 - cid:[K05ZAQ5952ET3CMG8P2FFKKG8ZM2], name:[zato.stats.process-raw-times], SIO request:[{}]
2017-01-24 02:44:24,551 - INFO - 3692:Dummy-34 - zato_admin:22 - cid:[K05ZAQ5952ET3CMG8P2FFKKG8ZM2], name:[zato.stats.process-raw-times], response:[]
2017-01-24 02:44:24,762 - INFO - 3692:Dummy-35 - zato_admin:22 - cid:[K06VZKH9C5R98DYMQF04Q5KAGDXR], name:[zato.server.ensure-cluster-wide-singleton], SIO request:[{}]
2017-01-24 02:44:24,763 - INFO - 3692:Dummy-35 - zato_admin:22 - cid:[K06VZKH9C5R98DYMQF04Q5KAGDXR], name:[zato.server.ensure-cluster-wide-singleton], response:[]
2017-01-24 02:44:24,763 - INFO - 3691:Dummy-62 - zato_admin:22 - cid:[K06VZKH9C5R98DYMQF04Q5KAGDXR], name:[zato.server.ensure-cluster-wide-singleton], SIO request:[{}]
2017-01-24 02:44:24,776 - INFO - 3691:Dummy-62 - zato_admin:22 - cid:[K06VZKH9C5R98DYMQF04Q5KAGDXR], name:[zato.server.ensure-cluster-wide-singleton], response:[]
