2017-01-24 02:33:35,735 - INFO - 3665:MainThread - zato_kvdb:22 - Master process config `charset: ''
db: '0'
errors: ''
host: localhost
log_connection_info_sleep_time: '5'
password: '******'
port: '6379'
redis_sentinels: ''
redis_sentinels_master: ''
shadow_password_in_logs: 'True'
socket_timeout: ''
unix_socket_path: ''
use_redis_sentinels: 'False'
`
2017-01-24 02:33:39,978 - INFO - 3691:Dummy-1 - zato_kvdb:22 - Worker config `charset: ''
db: '0'
errors: ''
host: localhost
log_connection_info_sleep_time: '5'
password: '******'
port: '6379'
redis_sentinels: ''
redis_sentinels_master: ''
shadow_password_in_logs: 'True'
socket_timeout: ''
unix_socket_path: ''
use_redis_sentinels: 'False'
`
2017-01-24 02:33:39,984 - INFO - 3691:Dummy-1 - zato_kvdb:22 - Worker config `charset: ''
db: '0'
errors: ''
host: localhost
log_connection_info_sleep_time: '5'
password: '******'
port: '6379'
redis_sentinels: ''
redis_sentinels_master: ''
shadow_password_in_logs: 'True'
socket_timeout: ''
unix_socket_path: ''
use_redis_sentinels: 'False'
`
2017-01-24 02:33:40,082 - INFO - 3692:Dummy-1 - zato_kvdb:22 - Worker config `charset: ''
db: '0'
errors: ''
host: localhost
log_connection_info_sleep_time: '5'
password: '******'
port: '6379'
redis_sentinels: ''
redis_sentinels_master: ''
shadow_password_in_logs: 'True'
socket_timeout: ''
unix_socket_path: ''
use_redis_sentinels: 'False'
`
2017-01-24 02:33:40,084 - INFO - 3692:Dummy-1 - zato_kvdb:22 - Worker config `charset: ''
db: '0'
errors: ''
host: localhost
log_connection_info_sleep_time: '5'
password: '******'
port: '6379'
redis_sentinels: ''
redis_sentinels_master: ''
shadow_password_in_logs: 'True'
socket_timeout: ''
unix_socket_path: ''
use_redis_sentinels: 'False'
`
