2017-01-24 02:34:16,710 - INFO - 3691:Thread-2 - zato_singleton:22 - Pickup notifier starting
2017-01-24 02:34:24,748 - INFO - 3691:Dummy-5 - zato_singleton:22 - Not becoming a cluster-wide singleton, cid:[K07YCPP89PSXH76M3P9AR8J11APE], server id:[2], name:[server2]
2017-01-24 02:34:41,475 - INFO - 3691:Dummy-6 - zato_singleton:22 - Cluster-wide singleton keep-alive OK, server id:[1], name:[server1] 
2017-01-24 02:34:54,767 - INFO - 3691:Dummy-8 - zato_singleton:22 - Not becoming a cluster-wide singleton, cid:[K07P51G6VX8C9DKD31F8RPDEVXN9], server id:[2], name:[server2]
2017-01-24 02:35:11,406 - INFO - 3691:Dummy-9 - zato_singleton:22 - Cluster-wide singleton keep-alive OK, server id:[1], name:[server1] 
2017-01-24 02:35:24,751 - INFO - 3691:Dummy-11 - zato_singleton:22 - Not becoming a cluster-wide singleton, cid:[K050QV8567ACJ5DPZY8TCB8S6KZX], server id:[2], name:[server2]
2017-01-24 02:35:41,414 - INFO - 3691:Dummy-12 - zato_singleton:22 - Cluster-wide singleton keep-alive OK, server id:[1], name:[server1] 
2017-01-24 02:35:54,748 - INFO - 3691:Dummy-14 - zato_singleton:22 - Not becoming a cluster-wide singleton, cid:[K043X1HRR2N09HTY5SJXXHKF1NQ2], server id:[2], name:[server2]
2017-01-24 02:36:11,403 - INFO - 3691:Dummy-15 - zato_singleton:22 - Cluster-wide singleton keep-alive OK, server id:[1], name:[server1] 
2017-01-24 02:36:24,749 - INFO - 3691:Dummy-17 - zato_singleton:22 - Not becoming a cluster-wide singleton, cid:[K07KCE4XPG3MF2DCSFZX59FMFHDK], server id:[2], name:[server2]
2017-01-24 02:36:54,752 - INFO - 3691:Dummy-20 - zato_singleton:22 - Not becoming a cluster-wide singleton, cid:[K052YV1C7M4GW69TYKS09J52TTP4], server id:[2], name:[server2]
2017-01-24 02:37:11,483 - INFO - 3692:Dummy-9 - zato_singleton:22 - Cluster-wide singleton keep-alive OK, server id:[1], name:[server1] 
2017-01-24 02:37:24,768 - INFO - 3691:Dummy-22 - zato_singleton:22 - Not becoming a cluster-wide singleton, cid:[K0510BR9650G21T4AS912JSFM6AE], server id:[2], name:[server2]
2017-01-24 02:37:41,414 - INFO - 3692:Dummy-11 - zato_singleton:22 - Cluster-wide singleton keep-alive OK, server id:[1], name:[server1] 
2017-01-24 02:37:54,758 - INFO - 3691:Dummy-25 - zato_singleton:22 - Not becoming a cluster-wide singleton, cid:[K04RER247MNRZBM7J1DVGAE400KQ], server id:[2], name:[server2]
2017-01-24 02:38:11,414 - INFO - 3691:Dummy-26 - zato_singleton:22 - Cluster-wide singleton keep-alive OK, server id:[1], name:[server1] 
2017-01-24 02:38:11,488 - INFO - 3692:Dummy-13 - zato_singleton:22 - Cluster-wide singleton keep-alive OK, server id:[1], name:[server1] 
2017-01-24 02:38:24,757 - INFO - 3691:Dummy-29 - zato_singleton:22 - Not becoming a cluster-wide singleton, cid:[K066DD5RFNVBMVRGX12FFZXWJ9AN], server id:[2], name:[server2]
2017-01-24 02:38:41,437 - INFO - 3691:Dummy-30 - zato_singleton:22 - Cluster-wide singleton keep-alive OK, server id:[1], name:[server1] 
2017-01-24 02:38:41,489 - INFO - 3692:Dummy-15 - zato_singleton:22 - Cluster-wide singleton keep-alive OK, server id:[1], name:[server1] 
2017-01-24 02:38:54,764 - INFO - 3691:Dummy-32 - zato_singleton:22 - Not becoming a cluster-wide singleton, cid:[K06QRD7EXNMNPJ044J3VJCX442D9], server id:[2], name:[server2]
2017-01-24 02:39:11,503 - INFO - 3691:Dummy-33 - zato_singleton:22 - Cluster-wide singleton keep-alive OK, server id:[1], name:[server1] 
2017-01-24 02:39:24,802 - INFO - 3691:Dummy-35 - zato_singleton:22 - Not becoming a cluster-wide singleton, cid:[K049X8JP1Q9K71XWRD4VKZHE705E], server id:[2], name:[server2]
2017-01-24 02:39:41,427 - INFO - 3692:Dummy-18 - zato_singleton:22 - Cluster-wide singleton keep-alive OK, server id:[1], name:[server1] 
2017-01-24 02:39:41,498 - INFO - 3692:Dummy-19 - zato_singleton:22 - Cluster-wide singleton keep-alive OK, server id:[1], name:[server1] 
2017-01-24 02:39:54,763 - INFO - 3691:Dummy-37 - zato_singleton:22 - Not becoming a cluster-wide singleton, cid:[K045Z4E82WCG7VG6GC002KCV0EWM], server id:[2], name:[server2]
2017-01-24 02:40:11,499 - INFO - 3691:Dummy-38 - zato_singleton:22 - Cluster-wide singleton keep-alive OK, server id:[1], name:[server1] 
2017-01-24 02:40:24,767 - INFO - 3691:Dummy-40 - zato_singleton:22 - Not becoming a cluster-wide singleton, cid:[K04Y7FPFJP6G6ZYBFVHEGBJ9176H], server id:[2], name:[server2]
2017-01-24 02:40:54,769 - INFO - 3691:Dummy-42 - zato_singleton:22 - Not becoming a cluster-wide singleton, cid:[K04XYNA66W6TWFV0X3AXJ32GHVF9], server id:[2], name:[server2]
2017-01-24 02:41:11,503 - INFO - 3691:Dummy-43 - zato_singleton:22 - Cluster-wide singleton keep-alive OK, server id:[1], name:[server1] 
2017-01-24 02:41:24,805 - INFO - 3691:Dummy-45 - zato_singleton:22 - Not becoming a cluster-wide singleton, cid:[K06HWH0G5RDPWC3B5XS1GTVZYA6N], server id:[2], name:[server2]
2017-01-24 02:41:41,426 - INFO - 3691:Dummy-46 - zato_singleton:22 - Cluster-wide singleton keep-alive OK, server id:[1], name:[server1] 
2017-01-24 02:41:54,771 - INFO - 3691:Dummy-48 - zato_singleton:22 - Not becoming a cluster-wide singleton, cid:[K07BASB6FKR16308PZ2YYCDEAVNX], server id:[2], name:[server2]
2017-01-24 02:42:24,774 - INFO - 3691:Dummy-50 - zato_singleton:22 - Not becoming a cluster-wide singleton, cid:[K07434KGMJSVD0VBKNT7BATC1YRR], server id:[2], name:[server2]
2017-01-24 02:42:41,464 - INFO - 3691:Dummy-51 - zato_singleton:22 - Cluster-wide singleton keep-alive OK, server id:[1], name:[server1] 
2017-01-24 02:42:54,771 - INFO - 3691:Dummy-53 - zato_singleton:22 - Not becoming a cluster-wide singleton, cid:[K07GEE9P8X1F97K6BD39BKNWHSES], server id:[2], name:[server2]
2017-01-24 02:43:11,505 - INFO - 3692:Dummy-29 - zato_singleton:22 - Cluster-wide singleton keep-alive OK, server id:[1], name:[server1] 
2017-01-24 02:43:24,777 - INFO - 3691:Dummy-55 - zato_singleton:22 - Not becoming a cluster-wide singleton, cid:[K07JH02K61DVKJX57WY66J0GMEA1], server id:[2], name:[server2]
2017-01-24 02:43:41,430 - INFO - 3691:Dummy-56 - zato_singleton:22 - Cluster-wide singleton keep-alive OK, server id:[1], name:[server1] 
2017-01-24 02:43:54,777 - INFO - 3691:Dummy-59 - zato_singleton:22 - Not becoming a cluster-wide singleton, cid:[K078B0DBDMPXN0TXHWN61WH1Z85J], server id:[2], name:[server2]
2017-01-24 02:44:11,511 - INFO - 3691:Dummy-60 - zato_singleton:22 - Cluster-wide singleton keep-alive OK, server id:[1], name:[server1] 
2017-01-24 02:44:24,776 - INFO - 3691:Dummy-62 - zato_singleton:22 - Not becoming a cluster-wide singleton, cid:[K06VZKH9C5R98DYMQF04Q5KAGDXR], server id:[2], name:[server2]
