2017-01-24 02:34:13,433 - INFO - 3678:Dummy-4 - zato_admin:22 - cid:[K05CWZZQFVB9WZQ3G73SFG18HB0E], name:[zato.kvdb.log-connection-info], SIO request:[{}]
2017-01-24 02:34:13,435 - INFO - 3678:Dummy-4 - zato_admin:22 - cid:[K05CWZZQFVB9WZQ3G73SFG18HB0E], name:[zato.kvdb.log-connection-info], response:[]
2017-01-24 02:34:13,440 - INFO - 3678:Dummy-5 - zato_admin:22 - cid:[K04V1DK4N16WZDCY9ST6FWDSBDMQ], name:[zato.pubsub.invoke-callbacks], SIO request:[{}]
2017-01-24 02:34:13,442 - INFO - 3678:Dummy-6 - zato_admin:22 - cid:[K04TDATZN5453H08QW27NA1HBQ6R], name:[zato.pubsub.move-to-target-queues], SIO request:[{}]
2017-01-24 02:34:13,443 - INFO - 3678:Dummy-7 - zato_admin:22 - cid:[K04M8BVQCHYGD6F0ZSMV5PDN96JT], name:[zato.pubsub.delete-expired], SIO request:[{}]
2017-01-24 02:34:16,732 - INFO - 3678:Dummy-9 - zato_admin:22 - cid:[K07VHHEP0YQ12R389V85H8DJ27EQ], name:[zato.kvdb.log-connection-info], SIO request:[{}]
2017-01-24 02:34:16,733 - INFO - 3678:Dummy-9 - zato_admin:22 - cid:[K07VHHEP0YQ12R389V85H8DJ27EQ], name:[zato.kvdb.log-connection-info], response:[]
2017-01-24 02:34:16,735 - INFO - 3678:Dummy-10 - zato_admin:22 - cid:[K050RYVHZCH9F60093AYH7EQGPPV], name:[zato.pubsub.invoke-callbacks], SIO request:[{}]
2017-01-24 02:34:16,749 - INFO - 3678:Dummy-12 - zato_admin:22 - cid:[K058D5Z3C6HRMMFCVZMS0MR5H9FQ], name:[zato.pubsub.move-to-target-queues], SIO request:[{}]
2017-01-24 02:34:16,750 - INFO - 3678:Dummy-13 - zato_admin:22 - cid:[K05M3B77GN0VREQ71VW4QVJF8JQN], name:[zato.pubsub.delete-expired], SIO request:[{}]
2017-01-24 02:34:24,729 - INFO - 3678:Dummy-14 - zato_admin:22 - cid:[K07YCPP89PSXH76M3P9AR8J11APE], name:[zato.server.ensure-cluster-wide-singleton], SIO request:[{}]
2017-01-24 02:34:24,730 - INFO - 3678:Dummy-14 - zato_admin:22 - cid:[K07YCPP89PSXH76M3P9AR8J11APE], name:[zato.server.ensure-cluster-wide-singleton], response:[]
2017-01-24 02:34:41,380 - INFO - 3677:Dummy-3 - zato_admin:22 - cid:[K07WQE6MWQF2ZBZT3XNBSJRD0VZC], name:[zato.server.cluster-wide-singleton-keep-alive], SIO request:[{}]
2017-01-24 02:34:41,407 - INFO - 3677:Dummy-3 - zato_admin:22 - cid:[K07WQE6MWQF2ZBZT3XNBSJRD0VZC], name:[zato.server.cluster-wide-singleton-keep-alive], response:[]
2017-01-24 02:34:54,475 - INFO - 3677:Dummy-4 - zato_admin:22 - cid:[K0522GYCD1QXQTKHM4JCB4GMRWW1], name:[zato.stats.aggregate-by-minute], SIO request:[{}]
2017-01-24 02:34:54,476 - INFO - 3677:Dummy-4 - zato_admin:22 - cid:[K0522GYCD1QXQTKHM4JCB4GMRWW1], name:[zato.stats.aggregate-by-minute], response:[]
2017-01-24 02:34:54,732 - INFO - 3678:Dummy-18 - zato_admin:22 - cid:[K07P51G6VX8C9DKD31F8RPDEVXN9], name:[zato.server.ensure-cluster-wide-singleton], SIO request:[{}]
2017-01-24 02:34:54,732 - INFO - 3678:Dummy-18 - zato_admin:22 - cid:[K07P51G6VX8C9DKD31F8RPDEVXN9], name:[zato.server.ensure-cluster-wide-singleton], response:[]
2017-01-24 02:34:54,734 - INFO - 3677:Dummy-5 - zato_admin:22 - cid:[K07P51G6VX8C9DKD31F8RPDEVXN9], name:[zato.server.ensure-cluster-wide-singleton], SIO request:[{}]
2017-01-24 02:34:54,734 - INFO - 3677:Dummy-5 - zato_admin:22 - cid:[K07P51G6VX8C9DKD31F8RPDEVXN9], name:[zato.server.ensure-cluster-wide-singleton], response:[]
2017-01-24 02:35:05,659 - INFO - 3677:Dummy-6 - zato_admin:22 - cid:[K05Y0A1ESXYDSWAMG00RTRF9J6Q0], name:[zato.ping], SIO request:[{}]
2017-01-24 02:35:05,659 - INFO - 3677:Dummy-6 - zato_admin:22 - cid:[K05Y0A1ESXYDSWAMG00RTRF9J6Q0], name:[zato.ping], response:[{"zato_ping_response": {"pong": "zato"}}]
2017-01-24 02:35:11,455 - INFO - 3678:Dummy-21 - zato_admin:22 - cid:[K041VH64TAEV7RN254ZR4E36MAN9], name:[zato.server.cluster-wide-singleton-keep-alive], SIO request:[{}]
2017-01-24 02:35:11,480 - INFO - 3678:Dummy-21 - zato_admin:22 - cid:[K041VH64TAEV7RN254ZR4E36MAN9], name:[zato.server.cluster-wide-singleton-keep-alive], response:[]
2017-01-24 02:35:24,532 - INFO - 3677:Dummy-7 - zato_admin:22 - cid:[K05Q6WBBARK3Y8DM0KH8YJY68T40], name:[zato.stats.process-raw-times], SIO request:[{}]
2017-01-24 02:35:24,552 - INFO - 3677:Dummy-7 - zato_admin:22 - cid:[K05Q6WBBARK3Y8DM0KH8YJY68T40], name:[zato.stats.process-raw-times], response:[]
2017-01-24 02:35:24,733 - INFO - 3677:Dummy-8 - zato_admin:22 - cid:[K050QV8567ACJ5DPZY8TCB8S6KZX], name:[zato.server.ensure-cluster-wide-singleton], SIO request:[{}]
2017-01-24 02:35:24,734 - INFO - 3677:Dummy-8 - zato_admin:22 - cid:[K050QV8567ACJ5DPZY8TCB8S6KZX], name:[zato.server.ensure-cluster-wide-singleton], response:[]
2017-01-24 02:35:24,735 - INFO - 3678:Dummy-23 - zato_admin:22 - cid:[K050QV8567ACJ5DPZY8TCB8S6KZX], name:[zato.server.ensure-cluster-wide-singleton], SIO request:[{}]
2017-01-24 02:35:24,736 - INFO - 3678:Dummy-23 - zato_admin:22 - cid:[K050QV8567ACJ5DPZY8TCB8S6KZX], name:[zato.server.ensure-cluster-wide-singleton], response:[]
2017-01-24 02:35:41,466 - INFO - 3677:Dummy-9 - zato_admin:22 - cid:[K053MRKGAE45AAFECJGV71YT60Q7], name:[zato.server.cluster-wide-singleton-keep-alive], SIO request:[{}]
2017-01-24 02:35:41,487 - INFO - 3677:Dummy-9 - zato_admin:22 - cid:[K053MRKGAE45AAFECJGV71YT60Q7], name:[zato.server.cluster-wide-singleton-keep-alive], response:[]
2017-01-24 02:35:54,732 - INFO - 3677:Dummy-10 - zato_admin:22 - cid:[K043X1HRR2N09HTY5SJXXHKF1NQ2], name:[zato.server.ensure-cluster-wide-singleton], SIO request:[{}]
2017-01-24 02:35:54,732 - INFO - 3677:Dummy-10 - zato_admin:22 - cid:[K043X1HRR2N09HTY5SJXXHKF1NQ2], name:[zato.server.ensure-cluster-wide-singleton], response:[]
2017-01-24 02:35:54,735 - INFO - 3678:Dummy-27 - zato_admin:22 - cid:[K043X1HRR2N09HTY5SJXXHKF1NQ2], name:[zato.server.ensure-cluster-wide-singleton], SIO request:[{}]
2017-01-24 02:35:54,735 - INFO - 3678:Dummy-27 - zato_admin:22 - cid:[K043X1HRR2N09HTY5SJXXHKF1NQ2], name:[zato.server.ensure-cluster-wide-singleton], response:[]
2017-01-24 02:36:11,457 - INFO - 3677:Dummy-11 - zato_admin:22 - cid:[K07ABJTJJS4MGXFCAMFP10G5P1GA], name:[zato.server.cluster-wide-singleton-keep-alive], SIO request:[{}]
2017-01-24 02:36:11,478 - INFO - 3677:Dummy-11 - zato_admin:22 - cid:[K07ABJTJJS4MGXFCAMFP10G5P1GA], name:[zato.server.cluster-wide-singleton-keep-alive], response:[]
2017-01-24 02:36:24,735 - INFO - 3677:Dummy-12 - zato_admin:22 - cid:[K07KCE4XPG3MF2DCSFZX59FMFHDK], name:[zato.server.ensure-cluster-wide-singleton], SIO request:[{}]
2017-01-24 02:36:24,736 - INFO - 3677:Dummy-12 - zato_admin:22 - cid:[K07KCE4XPG3MF2DCSFZX59FMFHDK], name:[zato.server.ensure-cluster-wide-singleton], response:[]
2017-01-24 02:36:24,737 - INFO - 3678:Dummy-30 - zato_admin:22 - cid:[K07KCE4XPG3MF2DCSFZX59FMFHDK], name:[zato.server.ensure-cluster-wide-singleton], SIO request:[{}]
2017-01-24 02:36:24,738 - INFO - 3678:Dummy-30 - zato_admin:22 - cid:[K07KCE4XPG3MF2DCSFZX59FMFHDK], name:[zato.server.ensure-cluster-wide-singleton], response:[]
2017-01-24 02:36:41,386 - INFO - 3677:Dummy-13 - zato_admin:22 - cid:[K04T70XP4MVRMB99FKPJBXRCSBTR], name:[zato.server.cluster-wide-singleton-keep-alive], SIO request:[{}]
2017-01-24 02:36:41,420 - INFO - 3677:Dummy-13 - zato_admin:22 - cid:[K04T70XP4MVRMB99FKPJBXRCSBTR], name:[zato.server.cluster-wide-singleton-keep-alive], response:[]
2017-01-24 02:36:41,462 - INFO - 3677:Dummy-14 - zato_admin:22 - cid:[K06SQATTP4GE3H1GQBXJK6Y7GXS6], name:[zato.server.cluster-wide-singleton-keep-alive], SIO request:[{}]
2017-01-24 02:36:41,492 - INFO - 3677:Dummy-14 - zato_admin:22 - cid:[K06SQATTP4GE3H1GQBXJK6Y7GXS6], name:[zato.server.cluster-wide-singleton-keep-alive], response:[]
2017-01-24 02:36:54,532 - INFO - 3678:Dummy-35 - zato_admin:22 - cid:[K04YCXBNBDHD01QZ2SDA7897E91F], name:[zato.stats.process-raw-times], SIO request:[{}]
2017-01-24 02:36:54,543 - INFO - 3678:Dummy-35 - zato_admin:22 - cid:[K04YCXBNBDHD01QZ2SDA7897E91F], name:[zato.stats.process-raw-times], response:[]
2017-01-24 02:36:54,674 - INFO - 3677:Dummy-15 - zato_admin:22 - cid:[K07RPND2YWAYXZNK0DFM696YZC49], name:[zato.outgoing.sql.auto-ping], SIO request:[{}]
2017-01-24 02:36:54,678 - INFO - 3677:Dummy-15 - zato_admin:22 - cid:[K07RPND2YWAYXZNK0DFM696YZC49], name:[zato.outgoing.sql.get-list], SIO request:[{u'cluster_id': 1}]
2017-01-24 02:36:54,684 - INFO - 3677:Dummy-15 - zato_admin:22 - cid:[K07RPND2YWAYXZNK0DFM696YZC49], name:[zato.outgoing.sql.get-list], response:[{"zato_outgoing_sql_get_list_response": []}]
2017-01-24 02:36:54,685 - INFO - 3677:Dummy-15 - zato_admin:22 - cid:[K07RPND2YWAYXZNK0DFM696YZC49], name:[zato.outgoing.sql.auto-ping], response:[]
2017-01-24 02:36:54,737 - INFO - 3677:Dummy-16 - zato_admin:22 - cid:[K052YV1C7M4GW69TYKS09J52TTP4], name:[zato.server.ensure-cluster-wide-singleton], SIO request:[{}]
2017-01-24 02:36:54,737 - INFO - 3677:Dummy-16 - zato_admin:22 - cid:[K052YV1C7M4GW69TYKS09J52TTP4], name:[zato.server.ensure-cluster-wide-singleton], response:[]
2017-01-24 02:36:54,758 - INFO - 3678:Dummy-37 - zato_admin:22 - cid:[K052YV1C7M4GW69TYKS09J52TTP4], name:[zato.server.ensure-cluster-wide-singleton], SIO request:[{}]
2017-01-24 02:36:54,767 - INFO - 3678:Dummy-37 - zato_admin:22 - cid:[K052YV1C7M4GW69TYKS09J52TTP4], name:[zato.server.ensure-cluster-wide-singleton], response:[]
2017-01-24 02:37:11,390 - INFO - 3677:Dummy-17 - zato_admin:22 - cid:[K043QGCGS2CXKJ3D2Y0Q2Z7RVJBC], name:[zato.server.cluster-wide-singleton-keep-alive], SIO request:[{}]
2017-01-24 02:37:11,411 - INFO - 3677:Dummy-17 - zato_admin:22 - cid:[K043QGCGS2CXKJ3D2Y0Q2Z7RVJBC], name:[zato.server.cluster-wide-singleton-keep-alive], response:[]
2017-01-24 02:37:24,754 - INFO - 3677:Dummy-18 - zato_admin:22 - cid:[K0510BR9650G21T4AS912JSFM6AE], name:[zato.server.ensure-cluster-wide-singleton], SIO request:[{}]
2017-01-24 02:37:24,754 - INFO - 3677:Dummy-18 - zato_admin:22 - cid:[K0510BR9650G21T4AS912JSFM6AE], name:[zato.server.ensure-cluster-wide-singleton], response:[]
2017-01-24 02:37:24,758 - INFO - 3678:Dummy-40 - zato_admin:22 - cid:[K0510BR9650G21T4AS912JSFM6AE], name:[zato.server.ensure-cluster-wide-singleton], SIO request:[{}]
2017-01-24 02:37:24,758 - INFO - 3678:Dummy-40 - zato_admin:22 - cid:[K0510BR9650G21T4AS912JSFM6AE], name:[zato.server.ensure-cluster-wide-singleton], response:[]
2017-01-24 02:37:41,464 - INFO - 3677:Dummy-19 - zato_admin:22 - cid:[K07Z6SXJVWDD41H0KJKFGG05M5HM], name:[zato.server.cluster-wide-singleton-keep-alive], SIO request:[{}]
2017-01-24 02:37:41,487 - INFO - 3677:Dummy-19 - zato_admin:22 - cid:[K07Z6SXJVWDD41H0KJKFGG05M5HM], name:[zato.server.cluster-wide-singleton-keep-alive], response:[]
2017-01-24 02:37:54,741 - INFO - 3677:Dummy-20 - zato_admin:22 - cid:[K04RER247MNRZBM7J1DVGAE400KQ], name:[zato.server.ensure-cluster-wide-singleton], SIO request:[{}]
2017-01-24 02:37:54,741 - INFO - 3677:Dummy-20 - zato_admin:22 - cid:[K04RER247MNRZBM7J1DVGAE400KQ], name:[zato.server.ensure-cluster-wide-singleton], response:[]
2017-01-24 02:37:54,743 - INFO - 3678:Dummy-44 - zato_admin:22 - cid:[K04RER247MNRZBM7J1DVGAE400KQ], name:[zato.server.ensure-cluster-wide-singleton], SIO request:[{}]
2017-01-24 02:37:54,743 - INFO - 3678:Dummy-44 - zato_admin:22 - cid:[K04RER247MNRZBM7J1DVGAE400KQ], name:[zato.server.ensure-cluster-wide-singleton], response:[]
2017-01-24 02:38:24,743 - INFO - 3677:Dummy-21 - zato_admin:22 - cid:[K066DD5RFNVBMVRGX12FFZXWJ9AN], name:[zato.server.ensure-cluster-wide-singleton], SIO request:[{}]
2017-01-24 02:38:24,743 - INFO - 3677:Dummy-21 - zato_admin:22 - cid:[K066DD5RFNVBMVRGX12FFZXWJ9AN], name:[zato.server.ensure-cluster-wide-singleton], response:[]
2017-01-24 02:38:24,747 - INFO - 3678:Dummy-48 - zato_admin:22 - cid:[K066DD5RFNVBMVRGX12FFZXWJ9AN], name:[zato.server.ensure-cluster-wide-singleton], SIO request:[{}]
2017-01-24 02:38:24,747 - INFO - 3678:Dummy-48 - zato_admin:22 - cid:[K066DD5RFNVBMVRGX12FFZXWJ9AN], name:[zato.server.ensure-cluster-wide-singleton], response:[]
2017-01-24 02:38:54,483 - INFO - 3677:Dummy-22 - zato_admin:22 - cid:[K05BYAS5301KSMXDMC0W23CMKF5E], name:[zato.stats.aggregate-by-minute], SIO request:[{}]
2017-01-24 02:38:54,493 - INFO - 3677:Dummy-22 - zato_admin:22 - cid:[K05BYAS5301KSMXDMC0W23CMKF5E], name:[zato.stats.aggregate-by-minute], response:[]
2017-01-24 02:38:54,753 - INFO - 3677:Dummy-23 - zato_admin:22 - cid:[K06QRD7EXNMNPJ044J3VJCX442D9], name:[zato.server.ensure-cluster-wide-singleton], SIO request:[{}]
2017-01-24 02:38:54,753 - INFO - 3677:Dummy-23 - zato_admin:22 - cid:[K06QRD7EXNMNPJ044J3VJCX442D9], name:[zato.server.ensure-cluster-wide-singleton], response:[]
2017-01-24 02:38:54,754 - INFO - 3678:Dummy-52 - zato_admin:22 - cid:[K06QRD7EXNMNPJ044J3VJCX442D9], name:[zato.server.ensure-cluster-wide-singleton], SIO request:[{}]
2017-01-24 02:38:54,754 - INFO - 3678:Dummy-52 - zato_admin:22 - cid:[K06QRD7EXNMNPJ044J3VJCX442D9], name:[zato.server.ensure-cluster-wide-singleton], response:[]
2017-01-24 02:39:11,394 - INFO - 3677:Dummy-24 - zato_admin:22 - cid:[K05F03KQR31QKP7B210ECX3RNFWY], name:[zato.server.cluster-wide-singleton-keep-alive], SIO request:[{}]
2017-01-24 02:39:11,419 - INFO - 3677:Dummy-24 - zato_admin:22 - cid:[K05F03KQR31QKP7B210ECX3RNFWY], name:[zato.server.cluster-wide-singleton-keep-alive], response:[]
2017-01-24 02:39:24,751 - INFO - 3677:Dummy-25 - zato_admin:22 - cid:[K049X8JP1Q9K71XWRD4VKZHE705E], name:[zato.server.ensure-cluster-wide-singleton], SIO request:[{}]
2017-01-24 02:39:24,751 - INFO - 3677:Dummy-25 - zato_admin:22 - cid:[K049X8JP1Q9K71XWRD4VKZHE705E], name:[zato.server.ensure-cluster-wide-singleton], response:[]
2017-01-24 02:39:24,755 - INFO - 3678:Dummy-55 - zato_admin:22 - cid:[K049X8JP1Q9K71XWRD4VKZHE705E], name:[zato.server.ensure-cluster-wide-singleton], SIO request:[{}]
2017-01-24 02:39:24,755 - INFO - 3678:Dummy-55 - zato_admin:22 - cid:[K049X8JP1Q9K71XWRD4VKZHE705E], name:[zato.server.ensure-cluster-wide-singleton], response:[]
2017-01-24 02:39:54,484 - INFO - 3677:Dummy-26 - zato_admin:22 - cid:[K07EBY62J2MA4J6QBBKTPS1B7RGG], name:[zato.stats.aggregate-by-minute], SIO request:[{}]
2017-01-24 02:39:54,490 - INFO - 3677:Dummy-26 - zato_admin:22 - cid:[K07EBY62J2MA4J6QBBKTPS1B7RGG], name:[zato.stats.aggregate-by-minute], response:[]
2017-01-24 02:39:54,674 - INFO - 3677:Dummy-27 - zato_admin:22 - cid:[K0512N9QMZ9NEVYYNXKMC0T0279D], name:[zato.outgoing.sql.auto-ping], SIO request:[{}]
2017-01-24 02:39:54,707 - INFO - 3677:Dummy-27 - zato_admin:22 - cid:[K0512N9QMZ9NEVYYNXKMC0T0279D], name:[zato.outgoing.sql.get-list], SIO request:[{u'cluster_id': 1}]
2017-01-24 02:39:54,714 - INFO - 3677:Dummy-27 - zato_admin:22 - cid:[K0512N9QMZ9NEVYYNXKMC0T0279D], name:[zato.outgoing.sql.get-list], response:[{"zato_outgoing_sql_get_list_response": []}]
2017-01-24 02:39:54,715 - INFO - 3677:Dummy-27 - zato_admin:22 - cid:[K0512N9QMZ9NEVYYNXKMC0T0279D], name:[zato.outgoing.sql.auto-ping], response:[]
2017-01-24 02:39:54,751 - INFO - 3677:Dummy-28 - zato_admin:22 - cid:[K045Z4E82WCG7VG6GC002KCV0EWM], name:[zato.server.ensure-cluster-wide-singleton], SIO request:[{}]
2017-01-24 02:39:54,752 - INFO - 3677:Dummy-28 - zato_admin:22 - cid:[K045Z4E82WCG7VG6GC002KCV0EWM], name:[zato.server.ensure-cluster-wide-singleton], response:[]
2017-01-24 02:39:54,753 - INFO - 3678:Dummy-61 - zato_admin:22 - cid:[K045Z4E82WCG7VG6GC002KCV0EWM], name:[zato.server.ensure-cluster-wide-singleton], SIO request:[{}]
2017-01-24 02:39:54,753 - INFO - 3678:Dummy-61 - zato_admin:22 - cid:[K045Z4E82WCG7VG6GC002KCV0EWM], name:[zato.server.ensure-cluster-wide-singleton], response:[]
2017-01-24 02:40:11,398 - INFO - 3677:Dummy-29 - zato_admin:22 - cid:[K06VKP12CVQ7TCYFVP6ADJE8GXNB], name:[zato.server.cluster-wide-singleton-keep-alive], SIO request:[{}]
2017-01-24 02:40:11,419 - INFO - 3677:Dummy-29 - zato_admin:22 - cid:[K06VKP12CVQ7TCYFVP6ADJE8GXNB], name:[zato.server.cluster-wide-singleton-keep-alive], response:[]
2017-01-24 02:40:24,758 - INFO - 3677:Dummy-30 - zato_admin:22 - cid:[K04Y7FPFJP6G6ZYBFVHEGBJ9176H], name:[zato.server.ensure-cluster-wide-singleton], SIO request:[{}]
2017-01-24 02:40:24,759 - INFO - 3677:Dummy-30 - zato_admin:22 - cid:[K04Y7FPFJP6G6ZYBFVHEGBJ9176H], name:[zato.server.ensure-cluster-wide-singleton], response:[]
2017-01-24 02:40:24,770 - INFO - 3678:Dummy-64 - zato_admin:22 - cid:[K04Y7FPFJP6G6ZYBFVHEGBJ9176H], name:[zato.server.ensure-cluster-wide-singleton], SIO request:[{}]
2017-01-24 02:40:24,780 - INFO - 3678:Dummy-64 - zato_admin:22 - cid:[K04Y7FPFJP6G6ZYBFVHEGBJ9176H], name:[zato.server.ensure-cluster-wide-singleton], response:[]
2017-01-24 02:40:41,401 - INFO - 3677:Dummy-31 - zato_admin:22 - cid:[K05M3D6GWB8YA1CZNAVQZZJA9PMT], name:[zato.server.cluster-wide-singleton-keep-alive], SIO request:[{}]
2017-01-24 02:40:41,422 - INFO - 3677:Dummy-31 - zato_admin:22 - cid:[K05M3D6GWB8YA1CZNAVQZZJA9PMT], name:[zato.server.cluster-wide-singleton-keep-alive], response:[]
2017-01-24 02:40:41,480 - INFO - 3678:Dummy-67 - zato_admin:22 - cid:[K051XKC22S6A19SEEEQ9KXYFTHYK], name:[zato.server.cluster-wide-singleton-keep-alive], SIO request:[{}]
2017-01-24 02:40:41,502 - INFO - 3678:Dummy-67 - zato_admin:22 - cid:[K051XKC22S6A19SEEEQ9KXYFTHYK], name:[zato.server.cluster-wide-singleton-keep-alive], response:[]
2017-01-24 02:40:54,486 - INFO - 3678:Dummy-69 - zato_admin:22 - cid:[K052G4DX9B5GPFGNJCYWR4NKHVN0], name:[zato.stats.aggregate-by-minute], SIO request:[{}]
2017-01-24 02:40:54,493 - INFO - 3678:Dummy-69 - zato_admin:22 - cid:[K052G4DX9B5GPFGNJCYWR4NKHVN0], name:[zato.stats.aggregate-by-minute], response:[]
2017-01-24 02:40:54,753 - INFO - 3678:Dummy-70 - zato_admin:22 - cid:[K04XYNA66W6TWFV0X3AXJ32GHVF9], name:[zato.server.ensure-cluster-wide-singleton], SIO request:[{}]
2017-01-24 02:40:54,754 - INFO - 3677:Dummy-32 - zato_admin:22 - cid:[K04XYNA66W6TWFV0X3AXJ32GHVF9], name:[zato.server.ensure-cluster-wide-singleton], SIO request:[{}]
2017-01-24 02:40:54,754 - INFO - 3678:Dummy-70 - zato_admin:22 - cid:[K04XYNA66W6TWFV0X3AXJ32GHVF9], name:[zato.server.ensure-cluster-wide-singleton], response:[]
2017-01-24 02:40:54,754 - INFO - 3677:Dummy-32 - zato_admin:22 - cid:[K04XYNA66W6TWFV0X3AXJ32GHVF9], name:[zato.server.ensure-cluster-wide-singleton], response:[]
2017-01-24 02:41:11,402 - INFO - 3677:Dummy-33 - zato_admin:22 - cid:[K07FGAYCKT542W4R8NB6TQMZ74YC], name:[zato.server.cluster-wide-singleton-keep-alive], SIO request:[{}]
2017-01-24 02:41:11,448 - INFO - 3677:Dummy-33 - zato_admin:22 - cid:[K07FGAYCKT542W4R8NB6TQMZ74YC], name:[zato.server.cluster-wide-singleton-keep-alive], response:[]
2017-01-24 02:41:24,534 - INFO - 3677:Dummy-34 - zato_admin:22 - cid:[K056J6YRKKDM44AS9JD21PMDRJPS], name:[zato.stats.process-raw-times], SIO request:[{}]
2017-01-24 02:41:24,543 - INFO - 3677:Dummy-34 - zato_admin:22 - cid:[K056J6YRKKDM44AS9JD21PMDRJPS], name:[zato.stats.process-raw-times], response:[]
2017-01-24 02:41:24,752 - INFO - 3677:Dummy-35 - zato_admin:22 - cid:[K06HWH0G5RDPWC3B5XS1GTVZYA6N], name:[zato.server.ensure-cluster-wide-singleton], SIO request:[{}]
2017-01-24 02:41:24,753 - INFO - 3677:Dummy-35 - zato_admin:22 - cid:[K06HWH0G5RDPWC3B5XS1GTVZYA6N], name:[zato.server.ensure-cluster-wide-singleton], response:[]
2017-01-24 02:41:24,756 - INFO - 3678:Dummy-74 - zato_admin:22 - cid:[K06HWH0G5RDPWC3B5XS1GTVZYA6N], name:[zato.server.ensure-cluster-wide-singleton], SIO request:[{}]
2017-01-24 02:41:24,757 - INFO - 3678:Dummy-74 - zato_admin:22 - cid:[K06HWH0G5RDPWC3B5XS1GTVZYA6N], name:[zato.server.ensure-cluster-wide-singleton], response:[]
2017-01-24 02:41:41,484 - INFO - 3678:Dummy-77 - zato_admin:22 - cid:[K04SBGCYJ11WJSXT7V0HNN4H2JXG], name:[zato.server.cluster-wide-singleton-keep-alive], SIO request:[{}]
2017-01-24 02:41:41,505 - INFO - 3678:Dummy-77 - zato_admin:22 - cid:[K04SBGCYJ11WJSXT7V0HNN4H2JXG], name:[zato.server.cluster-wide-singleton-keep-alive], response:[]
2017-01-24 02:41:54,493 - INFO - 3677:Dummy-36 - zato_admin:22 - cid:[K06TDKNYDKPJCYRGZRNX9FNVPVGP], name:[zato.stats.aggregate-by-minute], SIO request:[{}]
2017-01-24 02:41:54,504 - INFO - 3677:Dummy-36 - zato_admin:22 - cid:[K06TDKNYDKPJCYRGZRNX9FNVPVGP], name:[zato.stats.aggregate-by-minute], response:[]
2017-01-24 02:41:54,756 - INFO - 3677:Dummy-37 - zato_admin:22 - cid:[K07BASB6FKR16308PZ2YYCDEAVNX], name:[zato.server.ensure-cluster-wide-singleton], SIO request:[{}]
2017-01-24 02:41:54,756 - INFO - 3677:Dummy-37 - zato_admin:22 - cid:[K07BASB6FKR16308PZ2YYCDEAVNX], name:[zato.server.ensure-cluster-wide-singleton], response:[]
2017-01-24 02:41:54,757 - INFO - 3678:Dummy-79 - zato_admin:22 - cid:[K07BASB6FKR16308PZ2YYCDEAVNX], name:[zato.server.ensure-cluster-wide-singleton], SIO request:[{}]
2017-01-24 02:41:54,757 - INFO - 3678:Dummy-79 - zato_admin:22 - cid:[K07BASB6FKR16308PZ2YYCDEAVNX], name:[zato.server.ensure-cluster-wide-singleton], response:[]
2017-01-24 02:42:11,405 - INFO - 3678:Dummy-81 - zato_admin:22 - cid:[K07BNRF1RQDDEEP0Q0PCPNCK1QAR], name:[zato.server.cluster-wide-singleton-keep-alive], SIO request:[{}]
2017-01-24 02:42:11,426 - INFO - 3678:Dummy-81 - zato_admin:22 - cid:[K07BNRF1RQDDEEP0Q0PCPNCK1QAR], name:[zato.server.cluster-wide-singleton-keep-alive], response:[]
2017-01-24 02:42:11,485 - INFO - 3678:Dummy-83 - zato_admin:22 - cid:[K07BP84D7AFFVSKQX7ZPR9M3Y5BR], name:[zato.server.cluster-wide-singleton-keep-alive], SIO request:[{}]
2017-01-24 02:42:11,512 - INFO - 3678:Dummy-83 - zato_admin:22 - cid:[K07BP84D7AFFVSKQX7ZPR9M3Y5BR], name:[zato.server.cluster-wide-singleton-keep-alive], response:[]
2017-01-24 02:42:24,754 - INFO - 3678:Dummy-84 - zato_admin:22 - cid:[K07434KGMJSVD0VBKNT7BATC1YRR], name:[zato.server.ensure-cluster-wide-singleton], SIO request:[{}]
2017-01-24 02:42:24,755 - INFO - 3678:Dummy-84 - zato_admin:22 - cid:[K07434KGMJSVD0VBKNT7BATC1YRR], name:[zato.server.ensure-cluster-wide-singleton], response:[]
2017-01-24 02:42:24,760 - INFO - 3677:Dummy-38 - zato_admin:22 - cid:[K07434KGMJSVD0VBKNT7BATC1YRR], name:[zato.server.ensure-cluster-wide-singleton], SIO request:[{}]
2017-01-24 02:42:24,761 - INFO - 3677:Dummy-38 - zato_admin:22 - cid:[K07434KGMJSVD0VBKNT7BATC1YRR], name:[zato.server.ensure-cluster-wide-singleton], response:[]
2017-01-24 02:42:41,485 - INFO - 3677:Dummy-39 - zato_admin:22 - cid:[K07C0STMSK9G5NXNPEB629M2WR8H], name:[zato.server.cluster-wide-singleton-keep-alive], SIO request:[{}]
2017-01-24 02:42:41,551 - INFO - 3677:Dummy-39 - zato_admin:22 - cid:[K07C0STMSK9G5NXNPEB629M2WR8H], name:[zato.server.cluster-wide-singleton-keep-alive], response:[]
2017-01-24 02:42:54,542 - INFO - 3678:Dummy-89 - zato_admin:22 - cid:[K04YA36VZGQSDDGECR7E0WPW9AX7], name:[zato.stats.process-raw-times], SIO request:[{}]
2017-01-24 02:42:54,554 - INFO - 3678:Dummy-89 - zato_admin:22 - cid:[K04YA36VZGQSDDGECR7E0WPW9AX7], name:[zato.stats.process-raw-times], response:[]
2017-01-24 02:42:54,678 - INFO - 3678:Dummy-91 - zato_admin:22 - cid:[K04Z49TYHXNWG6YC8FHBMEWZ9RAJ], name:[zato.outgoing.sql.auto-ping], SIO request:[{}]
2017-01-24 02:42:54,682 - INFO - 3678:Dummy-91 - zato_admin:22 - cid:[K04Z49TYHXNWG6YC8FHBMEWZ9RAJ], name:[zato.outgoing.sql.get-list], SIO request:[{u'cluster_id': 1}]
2017-01-24 02:42:54,688 - INFO - 3678:Dummy-91 - zato_admin:22 - cid:[K04Z49TYHXNWG6YC8FHBMEWZ9RAJ], name:[zato.outgoing.sql.get-list], response:[{"zato_outgoing_sql_get_list_response": []}]
2017-01-24 02:42:54,689 - INFO - 3678:Dummy-91 - zato_admin:22 - cid:[K04Z49TYHXNWG6YC8FHBMEWZ9RAJ], name:[zato.outgoing.sql.auto-ping], response:[]
2017-01-24 02:42:54,756 - INFO - 3678:Dummy-92 - zato_admin:22 - cid:[K07GEE9P8X1F97K6BD39BKNWHSES], name:[zato.server.ensure-cluster-wide-singleton], SIO request:[{}]
2017-01-24 02:42:54,757 - INFO - 3678:Dummy-92 - zato_admin:22 - cid:[K07GEE9P8X1F97K6BD39BKNWHSES], name:[zato.server.ensure-cluster-wide-singleton], response:[]
2017-01-24 02:42:54,757 - INFO - 3677:Dummy-40 - zato_admin:22 - cid:[K07GEE9P8X1F97K6BD39BKNWHSES], name:[zato.server.ensure-cluster-wide-singleton], SIO request:[{}]
2017-01-24 02:42:54,758 - INFO - 3677:Dummy-40 - zato_admin:22 - cid:[K07GEE9P8X1F97K6BD39BKNWHSES], name:[zato.server.ensure-cluster-wide-singleton], response:[]
2017-01-24 02:43:11,409 - INFO - 3677:Dummy-41 - zato_admin:22 - cid:[K07MT9AETP02C2VB4WA1STRM2A1B], name:[zato.server.cluster-wide-singleton-keep-alive], SIO request:[{}]
2017-01-24 02:43:11,432 - INFO - 3677:Dummy-41 - zato_admin:22 - cid:[K07MT9AETP02C2VB4WA1STRM2A1B], name:[zato.server.cluster-wide-singleton-keep-alive], response:[]
2017-01-24 02:43:24,760 - INFO - 3677:Dummy-42 - zato_admin:22 - cid:[K07JH02K61DVKJX57WY66J0GMEA1], name:[zato.server.ensure-cluster-wide-singleton], SIO request:[{}]
2017-01-24 02:43:24,760 - INFO - 3677:Dummy-42 - zato_admin:22 - cid:[K07JH02K61DVKJX57WY66J0GMEA1], name:[zato.server.ensure-cluster-wide-singleton], response:[]
2017-01-24 02:43:24,764 - INFO - 3678:Dummy-95 - zato_admin:22 - cid:[K07JH02K61DVKJX57WY66J0GMEA1], name:[zato.server.ensure-cluster-wide-singleton], SIO request:[{}]
2017-01-24 02:43:24,764 - INFO - 3678:Dummy-95 - zato_admin:22 - cid:[K07JH02K61DVKJX57WY66J0GMEA1], name:[zato.server.ensure-cluster-wide-singleton], response:[]
2017-01-24 02:43:41,490 - INFO - 3677:Dummy-43 - zato_admin:22 - cid:[K046AC62NRGDNJ1KTNFEA1EGMV4G], name:[zato.server.cluster-wide-singleton-keep-alive], SIO request:[{}]
2017-01-24 02:43:41,510 - INFO - 3677:Dummy-43 - zato_admin:22 - cid:[K046AC62NRGDNJ1KTNFEA1EGMV4G], name:[zato.server.cluster-wide-singleton-keep-alive], response:[]
2017-01-24 02:43:54,306 - INFO - 3677:Dummy-44 - zato_admin:22 - cid:[K078T40WXG4CYB2733V8W2E1BF32], name:[zato.stats.summary.create-summary-by-day], SIO request:[{}]
2017-01-24 02:43:54,349 - INFO - 3677:Dummy-44 - zato_admin:22 - cid:[K078T40WXG4CYB2733V8W2E1BF32], name:[zato.stats.summary.create-summary-by-day], response:[]
2017-01-24 02:43:54,761 - INFO - 3678:Dummy-102 - zato_admin:22 - cid:[K078B0DBDMPXN0TXHWN61WH1Z85J], name:[zato.server.ensure-cluster-wide-singleton], SIO request:[{}]
2017-01-24 02:43:54,762 - INFO - 3678:Dummy-102 - zato_admin:22 - cid:[K078B0DBDMPXN0TXHWN61WH1Z85J], name:[zato.server.ensure-cluster-wide-singleton], response:[]
2017-01-24 02:43:54,764 - INFO - 3677:Dummy-45 - zato_admin:22 - cid:[K078B0DBDMPXN0TXHWN61WH1Z85J], name:[zato.server.ensure-cluster-wide-singleton], SIO request:[{}]
2017-01-24 02:43:54,764 - INFO - 3677:Dummy-45 - zato_admin:22 - cid:[K078B0DBDMPXN0TXHWN61WH1Z85J], name:[zato.server.ensure-cluster-wide-singleton], response:[]
2017-01-24 02:44:11,411 - INFO - 3677:Dummy-46 - zato_admin:22 - cid:[K04P5QVZ297C4NH2JSGTFNRQMETV], name:[zato.server.cluster-wide-singleton-keep-alive], SIO request:[{}]
2017-01-24 02:44:11,432 - INFO - 3677:Dummy-46 - zato_admin:22 - cid:[K04P5QVZ297C4NH2JSGTFNRQMETV], name:[zato.server.cluster-wide-singleton-keep-alive], response:[]
2017-01-24 02:44:24,760 - INFO - 3677:Dummy-47 - zato_admin:22 - cid:[K06VZKH9C5R98DYMQF04Q5KAGDXR], name:[zato.server.ensure-cluster-wide-singleton], SIO request:[{}]
2017-01-24 02:44:24,760 - INFO - 3678:Dummy-106 - zato_admin:22 - cid:[K06VZKH9C5R98DYMQF04Q5KAGDXR], name:[zato.server.ensure-cluster-wide-singleton], SIO request:[{}]
2017-01-24 02:44:24,761 - INFO - 3677:Dummy-47 - zato_admin:22 - cid:[K06VZKH9C5R98DYMQF04Q5KAGDXR], name:[zato.server.ensure-cluster-wide-singleton], response:[]
2017-01-24 02:44:24,761 - INFO - 3678:Dummy-106 - zato_admin:22 - cid:[K06VZKH9C5R98DYMQF04Q5KAGDXR], name:[zato.server.ensure-cluster-wide-singleton], response:[]
