2017-01-24 02:33:32,925 - INFO - 3653:MainThread - zato_kvdb:22 - Master process config `charset: ''
db: '0'
errors: ''
host: localhost
log_connection_info_sleep_time: '5'
password: '******'
port: '6379'
redis_sentinels: ''
redis_sentinels_master: ''
shadow_password_in_logs: 'True'
socket_timeout: ''
unix_socket_path: ''
use_redis_sentinels: 'False'
`
2017-01-24 02:33:37,114 - INFO - 3678:Dummy-1 - zato_kvdb:22 - Worker config `charset: ''
db: '0'
errors: ''
host: localhost
log_connection_info_sleep_time: '5'
password: '******'
port: '6379'
redis_sentinels: ''
redis_sentinels_master: ''
shadow_password_in_logs: 'True'
socket_timeout: ''
unix_socket_path: ''
use_redis_sentinels: 'False'
`
2017-01-24 02:33:37,116 - INFO - 3678:Dummy-1 - zato_kvdb:22 - Worker config `charset: ''
db: '0'
errors: ''
host: localhost
log_connection_info_sleep_time: '5'
password: '******'
port: '6379'
redis_sentinels: ''
redis_sentinels_master: ''
shadow_password_in_logs: 'True'
socket_timeout: ''
unix_socket_path: ''
use_redis_sentinels: 'False'
`
2017-01-24 02:33:37,165 - INFO - 3677:Dummy-1 - zato_kvdb:22 - Worker config `charset: ''
db: '0'
errors: ''
host: localhost
log_connection_info_sleep_time: '5'
password: '******'
port: '6379'
redis_sentinels: ''
redis_sentinels_master: ''
shadow_password_in_logs: 'True'
socket_timeout: ''
unix_socket_path: ''
use_redis_sentinels: 'False'
`
2017-01-24 02:33:37,183 - INFO - 3677:Dummy-1 - zato_kvdb:22 - Worker config `charset: ''
db: '0'
errors: ''
host: localhost
log_connection_info_sleep_time: '5'
password: '******'
port: '6379'
redis_sentinels: ''
redis_sentinels_master: ''
shadow_password_in_logs: 'True'
socket_timeout: ''
unix_socket_path: ''
use_redis_sentinels: 'False'
`
